  Camera.cpp
  imgui.cpp
  imgui_draw.cpp
  imgui_impl_glfw.cpp
  imgui_impl_opengl3.cpp
  imgui_tables.cpp
  imgui_widgets.cpp
  ComputeShader.h
C:\Users\ssnee\Desktop\PathTracer\PathTracer\src\ComputeShader.h(23,40): warning C4101: 'e': unreferenced local variable
  Mesh.cpp
  Engine.cpp
C:\Users\ssnee\Desktop\PathTracer\PathTracer\src\ComputeShader.h(23,40): warning C4101: 'e': unreferenced local variable
C:\Users\ssnee\Desktop\PathTracer\PathTracer\src\Engine.cpp(61,15): warning C4312: 'type cast': conversion from 'unsigned int' to 'void *' of greater size
C:\Users\ssnee\Desktop\PathTracer\PathTracer\src\Engine.cpp(79,45): warning C4244: 'argument': conversion from 'double' to 'float', possible loss of data
C:\Users\ssnee\Desktop\PathTracer\PathTracer\src\Engine.cpp(87,15): warning C4312: 'type cast': conversion from 'unsigned int' to 'void *' of greater size
C:\Users\ssnee\Desktop\PathTracer\PathTracer\src\Engine.cpp(124,32): warning C4244: 'argument': conversion from 'double' to 'float', possible loss of data
C:\Users\ssnee\Desktop\PathTracer\PathTracer\src\Engine.cpp(125,30): warning C4244: 'argument': conversion from 'double' to 'float', possible loss of data
  main.cpp
C:\Users\ssnee\Desktop\PathTracer\PathTracer\src\ComputeShader.h(23,40): warning C4101: 'e': unreferenced local variable
C:\Users\ssnee\Desktop\PathTracer\PathTracer\src\main.cpp(124,31): warning C4244: 'argument': conversion from 'double' to 'float', possible loss of data
  Transform.cpp
  glad.c
  Generating code
  Previous IPDB not found, fall back to full compilation.
  All 2302 functions were compiled because no usable IPDB/IOBJ from previous compilation was found.
  Finished generating code
  PathTracer.vcxproj -> C:\Users\ssnee\Desktop\PathTracer\x64\Release\PathTracer.exe
